Build started 08.09.2017 12:48:28.
     1>Project "D:\Cloud\SyncData\jShot2012\testJShot\testJShot.vcxproj" on node 3 (Build target(s)).
     1>ClCompile:
         C:\Program Files (x86)\Microsoft Visual Studio 12.0\VC\bin\CL.exe /c /ID:\Cloud\SyncData\jShot2012\\jShot\src /ID:\Cloud\SyncData\jShot2012\\JThreadPool\src /ID:\Cloud\SyncData\jShot2012\\common\ /ZI /nologo /W3 /WX- /sdl /Od /Oy- /D WIN32 /D _DEBUG /D _CONSOLE /D _UNICODE /D UNICODE /Gm /EHsc /RTC1 /MTd /GS /fp:precise /Zc:wchar_t /Zc:forScope /Fo"Debug\\" /Fd"Debug\vc120.pdb" /Gd /TP /analyze- /errorReport:prompt testJShot.cpp
         testJShot.cpp
       Link:
         C:\Program Files (x86)\Microsoft Visual Studio 12.0\VC\bin\link.exe /ERRORREPORT:PROMPT /OUT:"D:\Cloud\SyncData\jShot2012\Debug\testJShot.exe" /INCREMENTAL:NO /NOLOGO /LIBPATH:D:\Cloud\SyncData\jShot2012\Debug\ jShot.lib JThreadPool.lib kernel32.lib user32.lib gdi32.lib winspool.lib comdlg32.lib advapi32.lib shell32.lib ole32.lib oleaut32.lib uuid.lib odbc32.lib odbccp32.lib /MANIFEST /MANIFESTUAC:"level='asInvoker' uiAccess='false'" /manifest:embed /DEBUG /PDB:"D:\Cloud\SyncData\jShot2012\Debug\testJShot.pdb" /SUBSYSTEM:CONSOLE /TLBID:1 /DYNAMICBASE /NXCOMPAT /IMPLIB:"D:\Cloud\SyncData\jShot2012\Debug\testJShot.lib" /MACHINE:X86 Debug\testJShot.obj
     1>testJShot.obj : warning LNK4075: ignoring '/EDITANDCONTINUE' due to '/OPT:LBR' specification
     1>JThreadPool.lib(CJThreadPool.obj) : error LNK2019: unresolved external symbol "public: __thiscall CMutex::~CMutex(void)" (??1CMutex@@QAE@XZ) referenced in function "public: __thiscall CJThreadPool::~CJThreadPool(void)" (??1CJThreadPool@@QAE@XZ)
     1>JThreadPool.lib(CJThreadPool.obj) : error LNK2001: unresolved external symbol "public: virtual bool __thiscall CMutex::Lock(unsigned int)" (?Lock@CMutex@@UAE_NI@Z)
     1>JThreadPool.lib(CJThreadPool.obj) : error LNK2001: unresolved external symbol "public: virtual void __thiscall CMutex::Unlock(void)" (?Unlock@CMutex@@UAEXXZ)
     1>JThreadPool.lib(CJThreadPool.obj) : error LNK2019: unresolved external symbol "protected: void __thiscall CMutex::Init(wchar_t const *)" (?Init@CMutex@@IAEXPB_W@Z) referenced in function "public: __thiscall CMutex::CMutex(wchar_t const *)" (??0CMutex@@QAE@PB_W@Z)
     1>D:\Cloud\SyncData\jShot2012\Debug\testJShot.exe : fatal error LNK1120: 4 unresolved externals
     1>Done Building Project "D:\Cloud\SyncData\jShot2012\testJShot\testJShot.vcxproj" (Build target(s)) -- FAILED.

Build FAILED.

Time Elapsed 00:00:01.29
